2025-05-07 00:33:50,656 - INFO - Database not found. Creating new database...
2025-05-07 00:33:50,657 - INFO - Loading CSV from data/nba_stats.csv
2025-05-07 00:33:50,680 - INFO - Loaded 1181 rows with 38 columns
2025-05-07 00:33:50,680 - INFO - Creating SQLite database at data/nba_stats.db
2025-05-07 00:33:50,719 - INFO - Database created successfully with table 'player_game_stats'
2025-05-07 00:33:50,720 - WARNING - WARNING! max_length is not default parameter.
                    max_length was transferred to model_kwargs.
                    Please make sure that max_length is what you intended.
2025-05-07 00:34:00,162 - INFO - Use pytorch device_name: mps
2025-05-07 00:34:00,162 - INFO - Load pretrained SentenceTransformer: sentence-transformers/all-mpnet-base-v2
2025-05-07 00:34:01,827 - WARNING - Xet Storage is enabled for this repo, but the 'hf_xet' package is not installed. Falling back to regular HTTP download. For better performance, install the package with: `pip install huggingface_hub[hf_xet]` or `pip install hf_xet`
2025-05-07 00:39:54,591 - INFO - Using existing database at data/nba_stats.db
2025-05-07 00:39:54,593 - WARNING - WARNING! max_length is not default parameter.
                    max_length was transferred to model_kwargs.
                    Please make sure that max_length is what you intended.
2025-05-07 00:40:02,209 - INFO - Use pytorch device_name: mps
2025-05-07 00:40:02,209 - INFO - Load pretrained SentenceTransformer: sentence-transformers/all-mpnet-base-v2
2025-05-07 00:41:27,300 - INFO - Using existing database at data/nba_stats.db
2025-05-07 00:41:33,270 - INFO - Use pytorch device_name: mps
2025-05-07 00:41:33,270 - INFO - Load pretrained SentenceTransformer: sentence-transformers/all-mpnet-base-v2
2025-05-07 00:42:10,853 - INFO - Using existing database at data/nba_stats.db
2025-05-07 00:42:16,018 - INFO - Use pytorch device_name: mps
2025-05-07 00:42:16,018 - INFO - Load pretrained SentenceTransformer: sentence-transformers/all-mpnet-base-v2
2025-05-07 00:43:04,571 - INFO - Using existing database at data/nba_stats.db
2025-05-07 00:43:10,296 - INFO - Use pytorch device_name: mps
2025-05-07 00:43:10,296 - INFO - Load pretrained SentenceTransformer: sentence-transformers/all-mpnet-base-v2
2025-05-07 00:44:06,863 - INFO - Using existing database at data/nba_stats.db
2025-05-07 00:44:12,869 - INFO - Use pytorch device_name: mps
2025-05-07 00:44:12,870 - INFO - Load pretrained SentenceTransformer: sentence-transformers/all-mpnet-base-v2
